Started GET "/" for 172.17.0.1 at 2024-01-30 02:30:10 +0000
Cannot render console from 172.17.0.1! Allowed networks: 127.0.0.0/127.255.255.255, ::1
  
ActiveRecord::ConnectionNotEstablished (FATAL:  role "root" does not exist
):
  
activerecord (7.0.8) lib/active_record/connection_adapters/postgresql_adapter.rb:87:in `rescue in new_client'
activerecord (7.0.8) lib/active_record/connection_adapters/postgresql_adapter.rb:77:in `new_client'
activerecord (7.0.8) lib/active_record/connection_adapters/postgresql_adapter.rb:37:in `postgresql_connection'
activerecord (7.0.8) lib/active_record/connection_adapters/abstract/connection_pool.rb:656:in `public_send'
activerecord (7.0.8) lib/active_record/connection_adapters/abstract/connection_pool.rb:656:in `new_connection'
activerecord (7.0.8) lib/active_record/connection_adapters/abstract/connection_pool.rb:700:in `checkout_new_connection'
activerecord (7.0.8) lib/active_record/connection_adapters/abstract/connection_pool.rb:679:in `try_to_checkout_new_connection'
activerecord (7.0.8) lib/active_record/connection_adapters/abstract/connection_pool.rb:640:in `acquire_connection'
activerecord (7.0.8) lib/active_record/connection_adapters/abstract/connection_pool.rb:341:in `checkout'
activerecord (7.0.8) lib/active_record/connection_adapters/abstract/connection_pool.rb:181:in `connection'
activerecord (7.0.8) lib/active_record/connection_adapters/abstract/connection_handler.rb:211:in `retrieve_connection'
activerecord (7.0.8) lib/active_record/connection_handling.rb:313:in `retrieve_connection'
activerecord (7.0.8) lib/active_record/connection_handling.rb:280:in `connection'
activerecord (7.0.8) lib/active_record/migration.rb:648:in `connection'
activerecord (7.0.8) lib/active_record/migration.rb:643:in `build_watcher'
activerecord (7.0.8) lib/active_record/migration.rb:625:in `block in call'
activerecord (7.0.8) lib/active_record/migration.rb:624:in `synchronize'
activerecord (7.0.8) lib/active_record/migration.rb:624:in `call'
actionpack (7.0.8) lib/action_dispatch/middleware/callbacks.rb:27:in `block in call'
activesupport (7.0.8) lib/active_support/callbacks.rb:99:in `run_callbacks'
actionpack (7.0.8) lib/action_dispatch/middleware/callbacks.rb:26:in `call'
actionpack (7.0.8) lib/action_dispatch/middleware/executor.rb:14:in `call'
actionpack (7.0.8) lib/action_dispatch/middleware/actionable_exceptions.rb:17:in `call'
actionpack (7.0.8) lib/action_dispatch/middleware/debug_exceptions.rb:28:in `call'
web-console (4.2.1) lib/web_console/middleware.rb:132:in `call_app'
web-console (4.2.1) lib/web_console/middleware.rb:19:in `block in call'
web-console (4.2.1) lib/web_console/middleware.rb:17:in `catch'
web-console (4.2.1) lib/web_console/middleware.rb:17:in `call'
actionpack (7.0.8) lib/action_dispatch/middleware/show_exceptions.rb:29:in `call'
railties (7.0.8) lib/rails/rack/logger.rb:40:in `call_app'
railties (7.0.8) lib/rails/rack/logger.rb:25:in `block in call'
activesupport (7.0.8) lib/active_support/tagged_logging.rb:99:in `block in tagged'
activesupport (7.0.8) lib/active_support/tagged_logging.rb:37:in `tagged'
activesupport (7.0.8) lib/active_support/tagged_logging.rb:99:in `tagged'
railties (7.0.8) lib/rails/rack/logger.rb:25:in `call'
sprockets-rails (3.4.2) lib/sprockets/rails/quiet_assets.rb:13:in `call'
actionpack (7.0.8) lib/action_dispatch/middleware/remote_ip.rb:93:in `call'
actionpack (7.0.8) lib/action_dispatch/middleware/request_id.rb:26:in `call'
rack (2.2.8) lib/rack/method_override.rb:24:in `call'
rack (2.2.8) lib/rack/runtime.rb:22:in `call'
activesupport (7.0.8) lib/active_support/cache/strategy/local_cache_middleware.rb:29:in `call'
actionpack (7.0.8) lib/action_dispatch/middleware/server_timing.rb:61:in `block in call'
actionpack (7.0.8) lib/action_dispatch/middleware/server_timing.rb:26:in `collect_events'
actionpack (7.0.8) lib/action_dispatch/middleware/server_timing.rb:60:in `call'
actionpack (7.0.8) lib/action_dispatch/middleware/executor.rb:14:in `call'
actionpack (7.0.8) lib/action_dispatch/middleware/static.rb:23:in `call'
rack (2.2.8) lib/rack/sendfile.rb:110:in `call'
actionpack (7.0.8) lib/action_dispatch/middleware/host_authorization.rb:138:in `call'
railties (7.0.8) lib/rails/engine.rb:530:in `call'
puma (5.6.8) lib/puma/configuration.rb:252:in `call'
puma (5.6.8) lib/puma/request.rb:77:in `block in handle_request'
puma (5.6.8) lib/puma/thread_pool.rb:340:in `with_force_shutdown'
puma (5.6.8) lib/puma/request.rb:76:in `handle_request'
puma (5.6.8) lib/puma/server.rb:443:in `process_client'
puma (5.6.8) lib/puma/thread_pool.rb:147:in `block in spawn_thread'
Started GET "/" for 172.17.0.1 at 2024-01-30 02:30:11 +0000
Cannot render console from 172.17.0.1! Allowed networks: 127.0.0.0/127.255.255.255, ::1
  
ActiveRecord::ConnectionNotEstablished (FATAL:  role "root" does not exist
):
  
activerecord (7.0.8) lib/active_record/connection_adapters/postgresql_adapter.rb:87:in `rescue in new_client'
activerecord (7.0.8) lib/active_record/connection_adapters/postgresql_adapter.rb:77:in `new_client'
activerecord (7.0.8) lib/active_record/connection_adapters/postgresql_adapter.rb:37:in `postgresql_connection'
activerecord (7.0.8) lib/active_record/connection_adapters/abstract/connection_pool.rb:656:in `public_send'
activerecord (7.0.8) lib/active_record/connection_adapters/abstract/connection_pool.rb:656:in `new_connection'
activerecord (7.0.8) lib/active_record/connection_adapters/abstract/connection_pool.rb:700:in `checkout_new_connection'
activerecord (7.0.8) lib/active_record/connection_adapters/abstract/connection_pool.rb:679:in `try_to_checkout_new_connection'
activerecord (7.0.8) lib/active_record/connection_adapters/abstract/connection_pool.rb:640:in `acquire_connection'
activerecord (7.0.8) lib/active_record/connection_adapters/abstract/connection_pool.rb:341:in `checkout'
activerecord (7.0.8) lib/active_record/connection_adapters/abstract/connection_pool.rb:181:in `connection'
activerecord (7.0.8) lib/active_record/connection_adapters/abstract/connection_handler.rb:211:in `retrieve_connection'
activerecord (7.0.8) lib/active_record/connection_handling.rb:313:in `retrieve_connection'
activerecord (7.0.8) lib/active_record/connection_handling.rb:280:in `connection'
activerecord (7.0.8) lib/active_record/migration.rb:648:in `connection'
activerecord (7.0.8) lib/active_record/migration.rb:643:in `build_watcher'
activerecord (7.0.8) lib/active_record/migration.rb:625:in `block in call'
activerecord (7.0.8) lib/active_record/migration.rb:624:in `synchronize'
activerecord (7.0.8) lib/active_record/migration.rb:624:in `call'
actionpack (7.0.8) lib/action_dispatch/middleware/callbacks.rb:27:in `block in call'
activesupport (7.0.8) lib/active_support/callbacks.rb:99:in `run_callbacks'
actionpack (7.0.8) lib/action_dispatch/middleware/callbacks.rb:26:in `call'
actionpack (7.0.8) lib/action_dispatch/middleware/executor.rb:14:in `call'
actionpack (7.0.8) lib/action_dispatch/middleware/actionable_exceptions.rb:17:in `call'
actionpack (7.0.8) lib/action_dispatch/middleware/debug_exceptions.rb:28:in `call'
web-console (4.2.1) lib/web_console/middleware.rb:132:in `call_app'
web-console (4.2.1) lib/web_console/middleware.rb:19:in `block in call'
web-console (4.2.1) lib/web_console/middleware.rb:17:in `catch'
web-console (4.2.1) lib/web_console/middleware.rb:17:in `call'
actionpack (7.0.8) lib/action_dispatch/middleware/show_exceptions.rb:29:in `call'
railties (7.0.8) lib/rails/rack/logger.rb:40:in `call_app'
railties (7.0.8) lib/rails/rack/logger.rb:25:in `block in call'
activesupport (7.0.8) lib/active_support/tagged_logging.rb:99:in `block in tagged'
activesupport (7.0.8) lib/active_support/tagged_logging.rb:37:in `tagged'
activesupport (7.0.8) lib/active_support/tagged_logging.rb:99:in `tagged'
railties (7.0.8) lib/rails/rack/logger.rb:25:in `call'
sprockets-rails (3.4.2) lib/sprockets/rails/quiet_assets.rb:13:in `call'
actionpack (7.0.8) lib/action_dispatch/middleware/remote_ip.rb:93:in `call'
actionpack (7.0.8) lib/action_dispatch/middleware/request_id.rb:26:in `call'
rack (2.2.8) lib/rack/method_override.rb:24:in `call'
rack (2.2.8) lib/rack/runtime.rb:22:in `call'
activesupport (7.0.8) lib/active_support/cache/strategy/local_cache_middleware.rb:29:in `call'
actionpack (7.0.8) lib/action_dispatch/middleware/server_timing.rb:61:in `block in call'
actionpack (7.0.8) lib/action_dispatch/middleware/server_timing.rb:26:in `collect_events'
actionpack (7.0.8) lib/action_dispatch/middleware/server_timing.rb:60:in `call'
actionpack (7.0.8) lib/action_dispatch/middleware/executor.rb:14:in `call'
actionpack (7.0.8) lib/action_dispatch/middleware/static.rb:23:in `call'
rack (2.2.8) lib/rack/sendfile.rb:110:in `call'
actionpack (7.0.8) lib/action_dispatch/middleware/host_authorization.rb:138:in `call'
railties (7.0.8) lib/rails/engine.rb:530:in `call'
puma (5.6.8) lib/puma/configuration.rb:252:in `call'
puma (5.6.8) lib/puma/request.rb:77:in `block in handle_request'
puma (5.6.8) lib/puma/thread_pool.rb:340:in `with_force_shutdown'
puma (5.6.8) lib/puma/request.rb:76:in `handle_request'
puma (5.6.8) lib/puma/server.rb:443:in `process_client'
puma (5.6.8) lib/puma/thread_pool.rb:147:in `block in spawn_thread'
Started GET "/books" for 172.17.0.1 at 2024-01-30 02:30:16 +0000
Cannot render console from 172.17.0.1! Allowed networks: 127.0.0.0/127.255.255.255, ::1
  
ActiveRecord::ConnectionNotEstablished (FATAL:  role "root" does not exist
):
  
activerecord (7.0.8) lib/active_record/connection_adapters/postgresql_adapter.rb:87:in `rescue in new_client'
activerecord (7.0.8) lib/active_record/connection_adapters/postgresql_adapter.rb:77:in `new_client'
activerecord (7.0.8) lib/active_record/connection_adapters/postgresql_adapter.rb:37:in `postgresql_connection'
activerecord (7.0.8) lib/active_record/connection_adapters/abstract/connection_pool.rb:656:in `public_send'
activerecord (7.0.8) lib/active_record/connection_adapters/abstract/connection_pool.rb:656:in `new_connection'
activerecord (7.0.8) lib/active_record/connection_adapters/abstract/connection_pool.rb:700:in `checkout_new_connection'
activerecord (7.0.8) lib/active_record/connection_adapters/abstract/connection_pool.rb:679:in `try_to_checkout_new_connection'
activerecord (7.0.8) lib/active_record/connection_adapters/abstract/connection_pool.rb:640:in `acquire_connection'
activerecord (7.0.8) lib/active_record/connection_adapters/abstract/connection_pool.rb:341:in `checkout'
activerecord (7.0.8) lib/active_record/connection_adapters/abstract/connection_pool.rb:181:in `connection'
activerecord (7.0.8) lib/active_record/connection_adapters/abstract/connection_handler.rb:211:in `retrieve_connection'
activerecord (7.0.8) lib/active_record/connection_handling.rb:313:in `retrieve_connection'
activerecord (7.0.8) lib/active_record/connection_handling.rb:280:in `connection'
activerecord (7.0.8) lib/active_record/migration.rb:648:in `connection'
activerecord (7.0.8) lib/active_record/migration.rb:643:in `build_watcher'
activerecord (7.0.8) lib/active_record/migration.rb:625:in `block in call'
activerecord (7.0.8) lib/active_record/migration.rb:624:in `synchronize'
activerecord (7.0.8) lib/active_record/migration.rb:624:in `call'
actionpack (7.0.8) lib/action_dispatch/middleware/callbacks.rb:27:in `block in call'
activesupport (7.0.8) lib/active_support/callbacks.rb:99:in `run_callbacks'
actionpack (7.0.8) lib/action_dispatch/middleware/callbacks.rb:26:in `call'
actionpack (7.0.8) lib/action_dispatch/middleware/executor.rb:14:in `call'
actionpack (7.0.8) lib/action_dispatch/middleware/actionable_exceptions.rb:17:in `call'
actionpack (7.0.8) lib/action_dispatch/middleware/debug_exceptions.rb:28:in `call'
web-console (4.2.1) lib/web_console/middleware.rb:132:in `call_app'
web-console (4.2.1) lib/web_console/middleware.rb:19:in `block in call'
web-console (4.2.1) lib/web_console/middleware.rb:17:in `catch'
web-console (4.2.1) lib/web_console/middleware.rb:17:in `call'
actionpack (7.0.8) lib/action_dispatch/middleware/show_exceptions.rb:29:in `call'
railties (7.0.8) lib/rails/rack/logger.rb:40:in `call_app'
railties (7.0.8) lib/rails/rack/logger.rb:25:in `block in call'
activesupport (7.0.8) lib/active_support/tagged_logging.rb:99:in `block in tagged'
activesupport (7.0.8) lib/active_support/tagged_logging.rb:37:in `tagged'
activesupport (7.0.8) lib/active_support/tagged_logging.rb:99:in `tagged'
railties (7.0.8) lib/rails/rack/logger.rb:25:in `call'
sprockets-rails (3.4.2) lib/sprockets/rails/quiet_assets.rb:13:in `call'
actionpack (7.0.8) lib/action_dispatch/middleware/remote_ip.rb:93:in `call'
actionpack (7.0.8) lib/action_dispatch/middleware/request_id.rb:26:in `call'
rack (2.2.8) lib/rack/method_override.rb:24:in `call'
rack (2.2.8) lib/rack/runtime.rb:22:in `call'
activesupport (7.0.8) lib/active_support/cache/strategy/local_cache_middleware.rb:29:in `call'
actionpack (7.0.8) lib/action_dispatch/middleware/server_timing.rb:61:in `block in call'
actionpack (7.0.8) lib/action_dispatch/middleware/server_timing.rb:26:in `collect_events'
actionpack (7.0.8) lib/action_dispatch/middleware/server_timing.rb:60:in `call'
actionpack (7.0.8) lib/action_dispatch/middleware/executor.rb:14:in `call'
actionpack (7.0.8) lib/action_dispatch/middleware/static.rb:23:in `call'
rack (2.2.8) lib/rack/sendfile.rb:110:in `call'
actionpack (7.0.8) lib/action_dispatch/middleware/host_authorization.rb:138:in `call'
railties (7.0.8) lib/rails/engine.rb:530:in `call'
puma (5.6.8) lib/puma/configuration.rb:252:in `call'
puma (5.6.8) lib/puma/request.rb:77:in `block in handle_request'
puma (5.6.8) lib/puma/thread_pool.rb:340:in `with_force_shutdown'
puma (5.6.8) lib/puma/request.rb:76:in `handle_request'
puma (5.6.8) lib/puma/server.rb:443:in `process_client'
puma (5.6.8) lib/puma/thread_pool.rb:147:in `block in spawn_thread'
Started GET "/books" for 172.17.0.1 at 2024-01-30 02:30:16 +0000
Cannot render console from 172.17.0.1! Allowed networks: 127.0.0.0/127.255.255.255, ::1
  
ActiveRecord::ConnectionNotEstablished (FATAL:  role "root" does not exist
):
  
activerecord (7.0.8) lib/active_record/connection_adapters/postgresql_adapter.rb:87:in `rescue in new_client'
activerecord (7.0.8) lib/active_record/connection_adapters/postgresql_adapter.rb:77:in `new_client'
activerecord (7.0.8) lib/active_record/connection_adapters/postgresql_adapter.rb:37:in `postgresql_connection'
activerecord (7.0.8) lib/active_record/connection_adapters/abstract/connection_pool.rb:656:in `public_send'
activerecord (7.0.8) lib/active_record/connection_adapters/abstract/connection_pool.rb:656:in `new_connection'
activerecord (7.0.8) lib/active_record/connection_adapters/abstract/connection_pool.rb:700:in `checkout_new_connection'
activerecord (7.0.8) lib/active_record/connection_adapters/abstract/connection_pool.rb:679:in `try_to_checkout_new_connection'
activerecord (7.0.8) lib/active_record/connection_adapters/abstract/connection_pool.rb:640:in `acquire_connection'
activerecord (7.0.8) lib/active_record/connection_adapters/abstract/connection_pool.rb:341:in `checkout'
activerecord (7.0.8) lib/active_record/connection_adapters/abstract/connection_pool.rb:181:in `connection'
activerecord (7.0.8) lib/active_record/connection_adapters/abstract/connection_handler.rb:211:in `retrieve_connection'
activerecord (7.0.8) lib/active_record/connection_handling.rb:313:in `retrieve_connection'
activerecord (7.0.8) lib/active_record/connection_handling.rb:280:in `connection'
activerecord (7.0.8) lib/active_record/migration.rb:648:in `connection'
activerecord (7.0.8) lib/active_record/migration.rb:643:in `build_watcher'
activerecord (7.0.8) lib/active_record/migration.rb:625:in `block in call'
activerecord (7.0.8) lib/active_record/migration.rb:624:in `synchronize'
activerecord (7.0.8) lib/active_record/migration.rb:624:in `call'
actionpack (7.0.8) lib/action_dispatch/middleware/callbacks.rb:27:in `block in call'
activesupport (7.0.8) lib/active_support/callbacks.rb:99:in `run_callbacks'
actionpack (7.0.8) lib/action_dispatch/middleware/callbacks.rb:26:in `call'
actionpack (7.0.8) lib/action_dispatch/middleware/executor.rb:14:in `call'
actionpack (7.0.8) lib/action_dispatch/middleware/actionable_exceptions.rb:17:in `call'
actionpack (7.0.8) lib/action_dispatch/middleware/debug_exceptions.rb:28:in `call'
web-console (4.2.1) lib/web_console/middleware.rb:132:in `call_app'
web-console (4.2.1) lib/web_console/middleware.rb:19:in `block in call'
web-console (4.2.1) lib/web_console/middleware.rb:17:in `catch'
web-console (4.2.1) lib/web_console/middleware.rb:17:in `call'
actionpack (7.0.8) lib/action_dispatch/middleware/show_exceptions.rb:29:in `call'
railties (7.0.8) lib/rails/rack/logger.rb:40:in `call_app'
railties (7.0.8) lib/rails/rack/logger.rb:25:in `block in call'
activesupport (7.0.8) lib/active_support/tagged_logging.rb:99:in `block in tagged'
activesupport (7.0.8) lib/active_support/tagged_logging.rb:37:in `tagged'
activesupport (7.0.8) lib/active_support/tagged_logging.rb:99:in `tagged'
railties (7.0.8) lib/rails/rack/logger.rb:25:in `call'
sprockets-rails (3.4.2) lib/sprockets/rails/quiet_assets.rb:13:in `call'
actionpack (7.0.8) lib/action_dispatch/middleware/remote_ip.rb:93:in `call'
actionpack (7.0.8) lib/action_dispatch/middleware/request_id.rb:26:in `call'
rack (2.2.8) lib/rack/method_override.rb:24:in `call'
rack (2.2.8) lib/rack/runtime.rb:22:in `call'
activesupport (7.0.8) lib/active_support/cache/strategy/local_cache_middleware.rb:29:in `call'
actionpack (7.0.8) lib/action_dispatch/middleware/server_timing.rb:61:in `block in call'
actionpack (7.0.8) lib/action_dispatch/middleware/server_timing.rb:26:in `collect_events'
actionpack (7.0.8) lib/action_dispatch/middleware/server_timing.rb:60:in `call'
actionpack (7.0.8) lib/action_dispatch/middleware/executor.rb:14:in `call'
actionpack (7.0.8) lib/action_dispatch/middleware/static.rb:23:in `call'
rack (2.2.8) lib/rack/sendfile.rb:110:in `call'
actionpack (7.0.8) lib/action_dispatch/middleware/host_authorization.rb:138:in `call'
railties (7.0.8) lib/rails/engine.rb:530:in `call'
puma (5.6.8) lib/puma/configuration.rb:252:in `call'
puma (5.6.8) lib/puma/request.rb:77:in `block in handle_request'
puma (5.6.8) lib/puma/thread_pool.rb:340:in `with_force_shutdown'
puma (5.6.8) lib/puma/request.rb:76:in `handle_request'
puma (5.6.8) lib/puma/server.rb:443:in `process_client'
puma (5.6.8) lib/puma/thread_pool.rb:147:in `block in spawn_thread'
Started GET "/books" for 172.17.0.1 at 2024-01-30 02:31:39 +0000
Cannot render console from 172.17.0.1! Allowed networks: 127.0.0.0/127.255.255.255, ::1
  
ActiveRecord::ConnectionNotEstablished (FATAL:  role "root" does not exist
):
  
activerecord (7.0.8) lib/active_record/connection_adapters/postgresql_adapter.rb:87:in `rescue in new_client'
activerecord (7.0.8) lib/active_record/connection_adapters/postgresql_adapter.rb:77:in `new_client'
activerecord (7.0.8) lib/active_record/connection_adapters/postgresql_adapter.rb:37:in `postgresql_connection'
activerecord (7.0.8) lib/active_record/connection_adapters/abstract/connection_pool.rb:656:in `public_send'
activerecord (7.0.8) lib/active_record/connection_adapters/abstract/connection_pool.rb:656:in `new_connection'
activerecord (7.0.8) lib/active_record/connection_adapters/abstract/connection_pool.rb:700:in `checkout_new_connection'
activerecord (7.0.8) lib/active_record/connection_adapters/abstract/connection_pool.rb:679:in `try_to_checkout_new_connection'
activerecord (7.0.8) lib/active_record/connection_adapters/abstract/connection_pool.rb:640:in `acquire_connection'
activerecord (7.0.8) lib/active_record/connection_adapters/abstract/connection_pool.rb:341:in `checkout'
activerecord (7.0.8) lib/active_record/connection_adapters/abstract/connection_pool.rb:181:in `connection'
activerecord (7.0.8) lib/active_record/connection_adapters/abstract/connection_handler.rb:211:in `retrieve_connection'
activerecord (7.0.8) lib/active_record/connection_handling.rb:313:in `retrieve_connection'
activerecord (7.0.8) lib/active_record/connection_handling.rb:280:in `connection'
activerecord (7.0.8) lib/active_record/migration.rb:648:in `connection'
activerecord (7.0.8) lib/active_record/migration.rb:643:in `build_watcher'
activerecord (7.0.8) lib/active_record/migration.rb:625:in `block in call'
activerecord (7.0.8) lib/active_record/migration.rb:624:in `synchronize'
activerecord (7.0.8) lib/active_record/migration.rb:624:in `call'
actionpack (7.0.8) lib/action_dispatch/middleware/callbacks.rb:27:in `block in call'
activesupport (7.0.8) lib/active_support/callbacks.rb:99:in `run_callbacks'
actionpack (7.0.8) lib/action_dispatch/middleware/callbacks.rb:26:in `call'
actionpack (7.0.8) lib/action_dispatch/middleware/executor.rb:14:in `call'
actionpack (7.0.8) lib/action_dispatch/middleware/actionable_exceptions.rb:17:in `call'
actionpack (7.0.8) lib/action_dispatch/middleware/debug_exceptions.rb:28:in `call'
web-console (4.2.1) lib/web_console/middleware.rb:132:in `call_app'
web-console (4.2.1) lib/web_console/middleware.rb:19:in `block in call'
web-console (4.2.1) lib/web_console/middleware.rb:17:in `catch'
web-console (4.2.1) lib/web_console/middleware.rb:17:in `call'
actionpack (7.0.8) lib/action_dispatch/middleware/show_exceptions.rb:29:in `call'
railties (7.0.8) lib/rails/rack/logger.rb:40:in `call_app'
railties (7.0.8) lib/rails/rack/logger.rb:25:in `block in call'
activesupport (7.0.8) lib/active_support/tagged_logging.rb:99:in `block in tagged'
activesupport (7.0.8) lib/active_support/tagged_logging.rb:37:in `tagged'
activesupport (7.0.8) lib/active_support/tagged_logging.rb:99:in `tagged'
railties (7.0.8) lib/rails/rack/logger.rb:25:in `call'
sprockets-rails (3.4.2) lib/sprockets/rails/quiet_assets.rb:13:in `call'
actionpack (7.0.8) lib/action_dispatch/middleware/remote_ip.rb:93:in `call'
actionpack (7.0.8) lib/action_dispatch/middleware/request_id.rb:26:in `call'
rack (2.2.8) lib/rack/method_override.rb:24:in `call'
rack (2.2.8) lib/rack/runtime.rb:22:in `call'
activesupport (7.0.8) lib/active_support/cache/strategy/local_cache_middleware.rb:29:in `call'
actionpack (7.0.8) lib/action_dispatch/middleware/server_timing.rb:61:in `block in call'
actionpack (7.0.8) lib/action_dispatch/middleware/server_timing.rb:26:in `collect_events'
actionpack (7.0.8) lib/action_dispatch/middleware/server_timing.rb:60:in `call'
actionpack (7.0.8) lib/action_dispatch/middleware/executor.rb:14:in `call'
actionpack (7.0.8) lib/action_dispatch/middleware/static.rb:23:in `call'
rack (2.2.8) lib/rack/sendfile.rb:110:in `call'
actionpack (7.0.8) lib/action_dispatch/middleware/host_authorization.rb:138:in `call'
railties (7.0.8) lib/rails/engine.rb:530:in `call'
puma (5.6.8) lib/puma/configuration.rb:252:in `call'
puma (5.6.8) lib/puma/request.rb:77:in `block in handle_request'
puma (5.6.8) lib/puma/thread_pool.rb:340:in `with_force_shutdown'
puma (5.6.8) lib/puma/request.rb:76:in `handle_request'
puma (5.6.8) lib/puma/server.rb:443:in `process_client'
puma (5.6.8) lib/puma/thread_pool.rb:147:in `block in spawn_thread'
Started GET "/" for 172.17.0.1 at 2024-01-30 02:35:38 +0000
Cannot render console from 172.17.0.1! Allowed networks: 127.0.0.0/127.255.255.255, ::1
  
ActiveRecord::ConnectionNotEstablished (FATAL:  role "root" does not exist
):
  
activerecord (7.0.8) lib/active_record/connection_adapters/postgresql_adapter.rb:87:in `rescue in new_client'
activerecord (7.0.8) lib/active_record/connection_adapters/postgresql_adapter.rb:77:in `new_client'
activerecord (7.0.8) lib/active_record/connection_adapters/postgresql_adapter.rb:37:in `postgresql_connection'
activerecord (7.0.8) lib/active_record/connection_adapters/abstract/connection_pool.rb:656:in `public_send'
activerecord (7.0.8) lib/active_record/connection_adapters/abstract/connection_pool.rb:656:in `new_connection'
activerecord (7.0.8) lib/active_record/connection_adapters/abstract/connection_pool.rb:700:in `checkout_new_connection'
activerecord (7.0.8) lib/active_record/connection_adapters/abstract/connection_pool.rb:679:in `try_to_checkout_new_connection'
activerecord (7.0.8) lib/active_record/connection_adapters/abstract/connection_pool.rb:640:in `acquire_connection'
activerecord (7.0.8) lib/active_record/connection_adapters/abstract/connection_pool.rb:341:in `checkout'
activerecord (7.0.8) lib/active_record/connection_adapters/abstract/connection_pool.rb:181:in `connection'
activerecord (7.0.8) lib/active_record/connection_adapters/abstract/connection_handler.rb:211:in `retrieve_connection'
activerecord (7.0.8) lib/active_record/connection_handling.rb:313:in `retrieve_connection'
activerecord (7.0.8) lib/active_record/connection_handling.rb:280:in `connection'
activerecord (7.0.8) lib/active_record/migration.rb:648:in `connection'
activerecord (7.0.8) lib/active_record/migration.rb:643:in `build_watcher'
activerecord (7.0.8) lib/active_record/migration.rb:625:in `block in call'
activerecord (7.0.8) lib/active_record/migration.rb:624:in `synchronize'
activerecord (7.0.8) lib/active_record/migration.rb:624:in `call'
actionpack (7.0.8) lib/action_dispatch/middleware/callbacks.rb:27:in `block in call'
activesupport (7.0.8) lib/active_support/callbacks.rb:99:in `run_callbacks'
actionpack (7.0.8) lib/action_dispatch/middleware/callbacks.rb:26:in `call'
actionpack (7.0.8) lib/action_dispatch/middleware/executor.rb:14:in `call'
actionpack (7.0.8) lib/action_dispatch/middleware/actionable_exceptions.rb:17:in `call'
actionpack (7.0.8) lib/action_dispatch/middleware/debug_exceptions.rb:28:in `call'
web-console (4.2.1) lib/web_console/middleware.rb:132:in `call_app'
web-console (4.2.1) lib/web_console/middleware.rb:19:in `block in call'
web-console (4.2.1) lib/web_console/middleware.rb:17:in `catch'
web-console (4.2.1) lib/web_console/middleware.rb:17:in `call'
actionpack (7.0.8) lib/action_dispatch/middleware/show_exceptions.rb:29:in `call'
railties (7.0.8) lib/rails/rack/logger.rb:40:in `call_app'
railties (7.0.8) lib/rails/rack/logger.rb:25:in `block in call'
activesupport (7.0.8) lib/active_support/tagged_logging.rb:99:in `block in tagged'
activesupport (7.0.8) lib/active_support/tagged_logging.rb:37:in `tagged'
activesupport (7.0.8) lib/active_support/tagged_logging.rb:99:in `tagged'
railties (7.0.8) lib/rails/rack/logger.rb:25:in `call'
sprockets-rails (3.4.2) lib/sprockets/rails/quiet_assets.rb:13:in `call'
actionpack (7.0.8) lib/action_dispatch/middleware/remote_ip.rb:93:in `call'
actionpack (7.0.8) lib/action_dispatch/middleware/request_id.rb:26:in `call'
rack (2.2.8) lib/rack/method_override.rb:24:in `call'
rack (2.2.8) lib/rack/runtime.rb:22:in `call'
activesupport (7.0.8) lib/active_support/cache/strategy/local_cache_middleware.rb:29:in `call'
actionpack (7.0.8) lib/action_dispatch/middleware/server_timing.rb:61:in `block in call'
actionpack (7.0.8) lib/action_dispatch/middleware/server_timing.rb:26:in `collect_events'
actionpack (7.0.8) lib/action_dispatch/middleware/server_timing.rb:60:in `call'
actionpack (7.0.8) lib/action_dispatch/middleware/executor.rb:14:in `call'
actionpack (7.0.8) lib/action_dispatch/middleware/static.rb:23:in `call'
rack (2.2.8) lib/rack/sendfile.rb:110:in `call'
actionpack (7.0.8) lib/action_dispatch/middleware/host_authorization.rb:138:in `call'
railties (7.0.8) lib/rails/engine.rb:530:in `call'
puma (5.6.8) lib/puma/configuration.rb:252:in `call'
puma (5.6.8) lib/puma/request.rb:77:in `block in handle_request'
puma (5.6.8) lib/puma/thread_pool.rb:340:in `with_force_shutdown'
puma (5.6.8) lib/puma/request.rb:76:in `handle_request'
puma (5.6.8) lib/puma/server.rb:443:in `process_client'
puma (5.6.8) lib/puma/thread_pool.rb:147:in `block in spawn_thread'
  [1m[35m (371.3ms)[0m  [1m[35mCREATE DATABASE "book_collection1_development" ENCODING = 'unicode'[0m
  [1m[35m (351.7ms)[0m  [1m[35mCREATE DATABASE "book_collection1_test" ENCODING = 'unicode'[0m
  [1m[35m (7.4ms)[0m  [1m[35mCREATE TABLE "schema_migrations" ("version" character varying NOT NULL PRIMARY KEY)[0m
  [1m[35m (4.8ms)[0m  [1m[35mCREATE TABLE "ar_internal_metadata" ("key" character varying NOT NULL PRIMARY KEY, "value" character varying, "created_at" timestamp(6) NOT NULL, "updated_at" timestamp(6) NOT NULL)[0m
  [1m[35m (0.3ms)[0m  [1m[34mSELECT pg_try_advisory_lock(2018839744738361580)[0m
  [1m[36mActiveRecord::SchemaMigration Pluck (0.4ms)[0m  [1m[34mSELECT "schema_migrations"."version" FROM "schema_migrations" ORDER BY "schema_migrations"."version" ASC[0m
  [1m[36mActiveRecord::InternalMetadata Load (0.4ms)[0m  [1m[34mSELECT "ar_internal_metadata".* FROM "ar_internal_metadata" WHERE "ar_internal_metadata"."key" = $1 LIMIT $2[0m  [["key", "environment"], ["LIMIT", 1]]
  [1m[36mTRANSACTION (0.3ms)[0m  [1m[35mBEGIN[0m
  [1m[36mActiveRecord::InternalMetadata Create (1.0ms)[0m  [1m[32mINSERT INTO "ar_internal_metadata" ("key", "value", "created_at", "updated_at") VALUES ($1, $2, $3, $4) RETURNING "key"[0m  [["key", "environment"], ["value", "development"], ["created_at", "2024-01-30 02:37:45.629865"], ["updated_at", "2024-01-30 02:37:45.629865"]]
  [1m[36mTRANSACTION (0.8ms)[0m  [1m[35mCOMMIT[0m
  [1m[35m (0.3ms)[0m  [1m[34mSELECT pg_advisory_unlock(2018839744738361580)[0m
  [1m[36mActiveRecord::SchemaMigration Pluck (0.6ms)[0m  [1m[34mSELECT "schema_migrations"."version" FROM "schema_migrations" ORDER BY "schema_migrations"."version" ASC[0m
Started GET "/" for 172.17.0.1 at 2024-01-30 02:38:06 +0000
Cannot render console from 172.17.0.1! Allowed networks: 127.0.0.0/127.255.255.255, ::1
  [1m[36mActiveRecord::SchemaMigration Pluck (0.4ms)[0m  [1m[34mSELECT "schema_migrations"."version" FROM "schema_migrations" ORDER BY "schema_migrations"."version" ASC[0m
Processing by Rails::WelcomeController#index as HTML
  Rendering /usr/local/bundle/gems/railties-7.0.8/lib/rails/templates/rails/welcome/index.html.erb
  Rendered /usr/local/bundle/gems/railties-7.0.8/lib/rails/templates/rails/welcome/index.html.erb (Duration: 13.8ms | Allocations: 637)
Completed 200 OK in 237ms (Views: 56.3ms | ActiveRecord: 0.0ms | Allocations: 7042)


Started GET "/books" for 172.17.0.1 at 2024-01-30 02:38:10 +0000
Cannot render console from 172.17.0.1! Allowed networks: 127.0.0.0/127.255.255.255, ::1
  
ActionController::RoutingError (No route matches [GET] "/books"):
  
Started GET "/books" for 172.17.0.1 at 2024-01-30 02:38:10 +0000
Cannot render console from 172.17.0.1! Allowed networks: 127.0.0.0/127.255.255.255, ::1
  
ActionController::RoutingError (No route matches [GET] "/books"):
  
Started GET "/book" for 172.17.0.1 at 2024-01-30 02:38:15 +0000
Cannot render console from 172.17.0.1! Allowed networks: 127.0.0.0/127.255.255.255, ::1
  
ActionController::RoutingError (No route matches [GET] "/book"):
  
  [1m[35m (0.1ms)[0m  [1m[34mSELECT pg_try_advisory_lock(2018839744738361580)[0m
  [1m[36mActiveRecord::SchemaMigration Pluck (0.5ms)[0m  [1m[34mSELECT "schema_migrations"."version" FROM "schema_migrations" ORDER BY "schema_migrations"."version" ASC[0m
Migrating to CreateBooks (20240130023845)
  [1m[36mTRANSACTION (0.2ms)[0m  [1m[35mBEGIN[0m
  [1m[35m (5.8ms)[0m  [1m[35mCREATE TABLE "books" ("id" bigserial primary key, "title" character varying, "created_at" timestamp(6) NOT NULL, "updated_at" timestamp(6) NOT NULL)[0m
  [1m[36mActiveRecord::SchemaMigration Create (0.6ms)[0m  [1m[32mINSERT INTO "schema_migrations" ("version") VALUES ($1) RETURNING "version"[0m  [["version", "20240130023845"]]
  [1m[36mTRANSACTION (0.9ms)[0m  [1m[35mCOMMIT[0m
  [1m[36mActiveRecord::InternalMetadata Load (0.4ms)[0m  [1m[34mSELECT "ar_internal_metadata".* FROM "ar_internal_metadata" WHERE "ar_internal_metadata"."key" = $1 LIMIT $2[0m  [["key", "environment"], ["LIMIT", 1]]
  [1m[35m (0.4ms)[0m  [1m[34mSELECT pg_advisory_unlock(2018839744738361580)[0m
  [1m[36mActiveRecord::SchemaMigration Pluck (0.5ms)[0m  [1m[34mSELECT "schema_migrations"."version" FROM "schema_migrations" ORDER BY "schema_migrations"."version" ASC[0m
Started GET "/books" for 172.17.0.1 at 2024-01-30 02:39:11 +0000
Cannot render console from 172.17.0.1! Allowed networks: 127.0.0.0/127.255.255.255, ::1
Started GET "/book" for 172.17.0.1 at 2024-01-30 02:39:11 +0000
Cannot render console from 172.17.0.1! Allowed networks: 127.0.0.0/127.255.255.255, ::1
  [1m[36mActiveRecord::SchemaMigration Pluck (0.4ms)[0m  [1m[34mSELECT "schema_migrations"."version" FROM "schema_migrations" ORDER BY "schema_migrations"."version" ASC[0m
  
ActionController::RoutingError (No route matches [GET] "/book"):
  
Processing by BooksController#index as HTML
  Rendering layout layouts/application.html.erb
  Rendering books/index.html.erb within layouts/application
  [1m[36mBook Load (1.6ms)[0m  [1m[34mSELECT "books".* FROM "books"[0m
  ↳ app/views/books/index.html.erb:6
  Rendered books/index.html.erb within layouts/application (Duration: 14.4ms | Allocations: 14409)
  Rendered layout layouts/application.html.erb (Duration: 1050.1ms | Allocations: 110895)
Completed 200 OK in 1198ms (Views: 1077.8ms | ActiveRecord: 1.6ms | Allocations: 138872)


Started GET "/book" for 172.17.0.1 at 2024-01-30 02:39:16 +0000
Cannot render console from 172.17.0.1! Allowed networks: 127.0.0.0/127.255.255.255, ::1
  
ActionController::RoutingError (No route matches [GET] "/book"):
  
Started GET "/" for 172.17.0.1 at 2024-01-30 02:39:19 +0000
Cannot render console from 172.17.0.1! Allowed networks: 127.0.0.0/127.255.255.255, ::1
Processing by Rails::WelcomeController#index as HTML
  Rendering /usr/local/bundle/gems/railties-7.0.8/lib/rails/templates/rails/welcome/index.html.erb
  Rendered /usr/local/bundle/gems/railties-7.0.8/lib/rails/templates/rails/welcome/index.html.erb (Duration: 0.7ms | Allocations: 302)
Completed 200 OK in 13ms (Views: 2.0ms | ActiveRecord: 0.0ms | Allocations: 1166)


Started GET "/books" for 172.17.0.1 at 2024-01-30 02:39:23 +0000
Cannot render console from 172.17.0.1! Allowed networks: 127.0.0.0/127.255.255.255, ::1
Processing by BooksController#index as HTML
  Rendering layout layouts/application.html.erb
  Rendering books/index.html.erb within layouts/application
  [1m[36mBook Load (0.4ms)[0m  [1m[34mSELECT "books".* FROM "books"[0m
  ↳ app/views/books/index.html.erb:6
  Rendered books/index.html.erb within layouts/application (Duration: 7.3ms | Allocations: 1226)
  Rendered layout layouts/application.html.erb (Duration: 40.8ms | Allocations: 2956)
Completed 200 OK in 65ms (Views: 46.8ms | ActiveRecord: 0.4ms | Allocations: 3942)


Started GET "/books/new" for 172.17.0.1 at 2024-01-30 02:39:26 +0000
Cannot render console from 172.17.0.1! Allowed networks: 127.0.0.0/127.255.255.255, ::1
Processing by BooksController#new as HTML
  Rendering layout layouts/application.html.erb
  Rendering books/new.html.erb within layouts/application
  Rendered books/_form.html.erb (Duration: 43.0ms | Allocations: 2337)
  Rendered books/new.html.erb within layouts/application (Duration: 54.1ms | Allocations: 2667)
  Rendered layout layouts/application.html.erb (Duration: 86.3ms | Allocations: 4124)
Completed 200 OK in 125ms (Views: 87.2ms | ActiveRecord: 5.0ms | Allocations: 8294)


Started POST "/books" for 172.17.0.1 at 2024-01-30 02:39:28 +0000
Cannot render console from 172.17.0.1! Allowed networks: 127.0.0.0/127.255.255.255, ::1
Processing by BooksController#create as TURBO_STREAM
  Parameters: {"authenticity_token"=>"[FILTERED]", "book"=>{"title"=>"TestBook"}, "commit"=>"Create Book"}
  [1m[36mTRANSACTION (0.2ms)[0m  [1m[35mBEGIN[0m
  ↳ app/controllers/books_controller.rb:27:in `block in create'
  [1m[36mBook Create (0.6ms)[0m  [1m[32mINSERT INTO "books" ("title", "created_at", "updated_at") VALUES ($1, $2, $3) RETURNING "id"[0m  [["title", "TestBook"], ["created_at", "2024-01-30 02:39:28.955949"], ["updated_at", "2024-01-30 02:39:28.955949"]]
  ↳ app/controllers/books_controller.rb:27:in `block in create'
  [1m[36mTRANSACTION (0.8ms)[0m  [1m[35mCOMMIT[0m
  ↳ app/controllers/books_controller.rb:27:in `block in create'
Redirected to http://localhost:3000/books/1
Completed 302 Found in 19ms (ActiveRecord: 1.6ms | Allocations: 3980)


Started GET "/books/1" for 172.17.0.1 at 2024-01-30 02:39:28 +0000
Cannot render console from 172.17.0.1! Allowed networks: 127.0.0.0/127.255.255.255, ::1
Processing by BooksController#show as TURBO_STREAM
  Parameters: {"id"=>"1"}
  [1m[36mBook Load (0.3ms)[0m  [1m[34mSELECT "books".* FROM "books" WHERE "books"."id" = $1 LIMIT $2[0m  [["id", 1], ["LIMIT", 1]]
  ↳ app/controllers/books_controller.rb:63:in `set_book'
  Rendering layout layouts/application.html.erb
  Rendering books/show.html.erb within layouts/application
  Rendered books/_book.html.erb (Duration: 4.7ms | Allocations: 203)
  Rendered books/show.html.erb within layouts/application (Duration: 32.8ms | Allocations: 1691)
  Rendered layout layouts/application.html.erb (Duration: 63.6ms | Allocations: 3134)
Completed 200 OK in 89ms (Views: 64.7ms | ActiveRecord: 0.5ms | Allocations: 5991)


Started GET "/books" for 172.17.0.1 at 2024-01-30 02:39:32 +0000
Cannot render console from 172.17.0.1! Allowed networks: 127.0.0.0/127.255.255.255, ::1
Processing by BooksController#index as HTML
  Rendering layout layouts/application.html.erb
  Rendering books/index.html.erb within layouts/application
  [1m[36mBook Load (0.3ms)[0m  [1m[34mSELECT "books".* FROM "books"[0m
  ↳ app/views/books/index.html.erb:6
  Rendered books/_book.html.erb (Duration: 0.1ms | Allocations: 17)
  Rendered books/index.html.erb within layouts/application (Duration: 3.2ms | Allocations: 1168)
  Rendered layout layouts/application.html.erb (Duration: 32.0ms | Allocations: 2501)
Completed 200 OK in 44ms (Views: 32.7ms | ActiveRecord: 0.3ms | Allocations: 2812)


Started GET "/books/new" for 172.17.0.1 at 2024-01-30 02:39:33 +0000
Cannot render console from 172.17.0.1! Allowed networks: 127.0.0.0/127.255.255.255, ::1
Processing by BooksController#new as HTML
  Rendering layout layouts/application.html.erb
  Rendering books/new.html.erb within layouts/application
  Rendered books/_form.html.erb (Duration: 1.3ms | Allocations: 909)
  Rendered books/new.html.erb within layouts/application (Duration: 1.8ms | Allocations: 997)
  Rendered layout layouts/application.html.erb (Duration: 31.2ms | Allocations: 2328)
Completed 200 OK in 43ms (Views: 32.1ms | ActiveRecord: 0.0ms | Allocations: 2612)


Started POST "/books" for 172.17.0.1 at 2024-01-30 02:39:36 +0000
Cannot render console from 172.17.0.1! Allowed networks: 127.0.0.0/127.255.255.255, ::1
Processing by BooksController#create as TURBO_STREAM
  Parameters: {"authenticity_token"=>"[FILTERED]", "book"=>{"title"=>"Book 2"}, "commit"=>"Create Book"}
  [1m[36mTRANSACTION (0.1ms)[0m  [1m[35mBEGIN[0m
  ↳ app/controllers/books_controller.rb:27:in `block in create'
  [1m[36mBook Create (0.3ms)[0m  [1m[32mINSERT INTO "books" ("title", "created_at", "updated_at") VALUES ($1, $2, $3) RETURNING "id"[0m  [["title", "Book 2"], ["created_at", "2024-01-30 02:39:36.614719"], ["updated_at", "2024-01-30 02:39:36.614719"]]
  ↳ app/controllers/books_controller.rb:27:in `block in create'
  [1m[36mTRANSACTION (1.0ms)[0m  [1m[35mCOMMIT[0m
  ↳ app/controllers/books_controller.rb:27:in `block in create'
Redirected to http://localhost:3000/books/2
Completed 302 Found in 18ms (ActiveRecord: 1.4ms | Allocations: 2512)


Started GET "/books/2" for 172.17.0.1 at 2024-01-30 02:39:36 +0000
Cannot render console from 172.17.0.1! Allowed networks: 127.0.0.0/127.255.255.255, ::1
Processing by BooksController#show as TURBO_STREAM
  Parameters: {"id"=>"2"}
  [1m[36mBook Load (0.3ms)[0m  [1m[34mSELECT "books".* FROM "books" WHERE "books"."id" = $1 LIMIT $2[0m  [["id", 2], ["LIMIT", 1]]
  ↳ app/controllers/books_controller.rb:63:in `set_book'
  Rendering layout layouts/application.html.erb
  Rendering books/show.html.erb within layouts/application
  Rendered books/_book.html.erb (Duration: 0.1ms | Allocations: 17)
  Rendered books/show.html.erb within layouts/application (Duration: 1.2ms | Allocations: 725)
  Rendered layout layouts/application.html.erb (Duration: 30.1ms | Allocations: 2048)
Completed 200 OK in 44ms (Views: 30.9ms | ActiveRecord: 0.3ms | Allocations: 2823)


Started GET "/books" for 172.17.0.1 at 2024-01-30 02:39:41 +0000
Cannot render console from 172.17.0.1! Allowed networks: 127.0.0.0/127.255.255.255, ::1
Processing by BooksController#index as HTML
  Rendering layout layouts/application.html.erb
  Rendering books/index.html.erb within layouts/application
  [1m[36mBook Load (0.3ms)[0m  [1m[34mSELECT "books".* FROM "books"[0m
  ↳ app/views/books/index.html.erb:6
  Rendered books/_book.html.erb (Duration: 0.1ms | Allocations: 17)
  Rendered books/_book.html.erb (Duration: 0.1ms | Allocations: 16)
  Rendered books/index.html.erb within layouts/application (Duration: 3.7ms | Allocations: 1177)
  Rendered layout layouts/application.html.erb (Duration: 34.5ms | Allocations: 2511)
Completed 200 OK in 47ms (Views: 35.0ms | ActiveRecord: 0.3ms | Allocations: 2784)


Started GET "/books/new" for 172.17.0.1 at 2024-01-30 02:40:44 +0000
Cannot render console from 172.17.0.1! Allowed networks: 127.0.0.0/127.255.255.255, ::1
Processing by BooksController#new as HTML
  Rendering layout layouts/application.html.erb
  Rendering books/new.html.erb within layouts/application
  Rendered books/_form.html.erb (Duration: 1.8ms | Allocations: 864)
  Rendered books/new.html.erb within layouts/application (Duration: 2.5ms | Allocations: 951)
  Rendered layout layouts/application.html.erb (Duration: 32.8ms | Allocations: 2282)
Completed 200 OK in 45ms (Views: 33.7ms | ActiveRecord: 0.0ms | Allocations: 2557)


Started POST "/books" for 172.17.0.1 at 2024-01-30 02:41:08 +0000
Cannot render console from 172.17.0.1! Allowed networks: 127.0.0.0/127.255.255.255, ::1
Processing by BooksController#create as TURBO_STREAM
  Parameters: {"authenticity_token"=>"[FILTERED]", "book"=>{"title"=>"book 3"}, "commit"=>"Create Book"}
  [1m[36mTRANSACTION (0.2ms)[0m  [1m[35mBEGIN[0m
  ↳ app/controllers/books_controller.rb:27:in `block in create'
  [1m[36mBook Create (0.4ms)[0m  [1m[32mINSERT INTO "books" ("title", "created_at", "updated_at") VALUES ($1, $2, $3) RETURNING "id"[0m  [["title", "book 3"], ["created_at", "2024-01-30 02:41:08.686949"], ["updated_at", "2024-01-30 02:41:08.686949"]]
  ↳ app/controllers/books_controller.rb:27:in `block in create'
  [1m[36mTRANSACTION (1.0ms)[0m  [1m[35mCOMMIT[0m
  ↳ app/controllers/books_controller.rb:27:in `block in create'
Redirected to http://localhost:3000/books/3
Completed 302 Found in 19ms (ActiveRecord: 1.6ms | Allocations: 2384)


Started GET "/books/3" for 172.17.0.1 at 2024-01-30 02:41:08 +0000
Cannot render console from 172.17.0.1! Allowed networks: 127.0.0.0/127.255.255.255, ::1
Processing by BooksController#show as TURBO_STREAM
  Parameters: {"id"=>"3"}
  [1m[36mBook Load (0.3ms)[0m  [1m[34mSELECT "books".* FROM "books" WHERE "books"."id" = $1 LIMIT $2[0m  [["id", 3], ["LIMIT", 1]]
  ↳ app/controllers/books_controller.rb:63:in `set_book'
  Rendering layout layouts/application.html.erb
  Rendering books/show.html.erb within layouts/application
  Rendered books/_book.html.erb (Duration: 0.1ms | Allocations: 17)
  Rendered books/show.html.erb within layouts/application (Duration: 1.2ms | Allocations: 724)
  Rendered layout layouts/application.html.erb (Duration: 31.8ms | Allocations: 2047)
Completed 200 OK in 46ms (Views: 32.8ms | ActiveRecord: 0.3ms | Allocations: 2809)


Started GET "/books/3/edit" for 172.17.0.1 at 2024-01-30 02:41:10 +0000
Cannot render console from 172.17.0.1! Allowed networks: 127.0.0.0/127.255.255.255, ::1
Processing by BooksController#edit as HTML
  Parameters: {"id"=>"3"}
  [1m[36mBook Load (0.3ms)[0m  [1m[34mSELECT "books".* FROM "books" WHERE "books"."id" = $1 LIMIT $2[0m  [["id", 3], ["LIMIT", 1]]
  ↳ app/controllers/books_controller.rb:63:in `set_book'
  Rendering layout layouts/application.html.erb
  Rendering books/edit.html.erb within layouts/application
  Rendered books/_form.html.erb (Duration: 1.2ms | Allocations: 959)
  Rendered books/edit.html.erb within layouts/application (Duration: 6.1ms | Allocations: 1232)
  Rendered layout layouts/application.html.erb (Duration: 35.8ms | Allocations: 2555)
Completed 200 OK in 53ms (Views: 36.6ms | ActiveRecord: 0.3ms | Allocations: 3377)


Started GET "/books/3" for 172.17.0.1 at 2024-01-30 02:41:42 +0000
Cannot render console from 172.17.0.1! Allowed networks: 127.0.0.0/127.255.255.255, ::1
Processing by BooksController#show as HTML
  Parameters: {"id"=>"3"}
  [1m[36mBook Load (0.3ms)[0m  [1m[34mSELECT "books".* FROM "books" WHERE "books"."id" = $1 LIMIT $2[0m  [["id", 3], ["LIMIT", 1]]
  ↳ app/controllers/books_controller.rb:63:in `set_book'
  Rendering layout layouts/application.html.erb
  Rendering books/show.html.erb within layouts/application
  Rendered books/_book.html.erb (Duration: 0.1ms | Allocations: 17)
  Rendered books/show.html.erb within layouts/application (Duration: 1.2ms | Allocations: 691)
  Rendered layout layouts/application.html.erb (Duration: 29.1ms | Allocations: 2014)
Completed 200 OK in 43ms (Views: 30.0ms | ActiveRecord: 0.3ms | Allocations: 2773)


Started GET "/books/3/edit" for 172.17.0.1 at 2024-01-30 02:41:46 +0000
Cannot render console from 172.17.0.1! Allowed networks: 127.0.0.0/127.255.255.255, ::1
Processing by BooksController#edit as HTML
  Parameters: {"id"=>"3"}
  [1m[36mBook Load (0.3ms)[0m  [1m[34mSELECT "books".* FROM "books" WHERE "books"."id" = $1 LIMIT $2[0m  [["id", 3], ["LIMIT", 1]]
  ↳ app/controllers/books_controller.rb:63:in `set_book'
  Rendering layout layouts/application.html.erb
  Rendering books/edit.html.erb within layouts/application
  Rendered books/_form.html.erb (Duration: 1.3ms | Allocations: 924)
  Rendered books/edit.html.erb within layouts/application (Duration: 1.6ms | Allocations: 1047)
  Rendered layout layouts/application.html.erb (Duration: 30.0ms | Allocations: 2370)
Completed 200 OK in 44ms (Views: 30.8ms | ActiveRecord: 0.3ms | Allocations: 3129)


Started PATCH "/books/3" for 172.17.0.1 at 2024-01-30 02:41:50 +0000
Cannot render console from 172.17.0.1! Allowed networks: 127.0.0.0/127.255.255.255, ::1
Processing by BooksController#update as TURBO_STREAM
  Parameters: {"authenticity_token"=>"[FILTERED]", "book"=>{"title"=>"book 3, but edited"}, "commit"=>"Update Book", "id"=>"3"}
  [1m[36mBook Load (0.2ms)[0m  [1m[34mSELECT "books".* FROM "books" WHERE "books"."id" = $1 LIMIT $2[0m  [["id", 3], ["LIMIT", 1]]
  ↳ app/controllers/books_controller.rb:63:in `set_book'
  [1m[36mTRANSACTION (0.2ms)[0m  [1m[35mBEGIN[0m
  ↳ app/controllers/books_controller.rb:40:in `block in update'
  [1m[36mBook Update (0.6ms)[0m  [1m[33mUPDATE "books" SET "title" = $1, "updated_at" = $2 WHERE "books"."id" = $3[0m  [["title", "book 3, but edited"], ["updated_at", "2024-01-30 02:41:50.523666"], ["id", 3]]
  ↳ app/controllers/books_controller.rb:40:in `block in update'
  [1m[36mTRANSACTION (0.9ms)[0m  [1m[35mCOMMIT[0m
  ↳ app/controllers/books_controller.rb:40:in `block in update'
Redirected to http://localhost:3000/books/3
Completed 302 Found in 20ms (ActiveRecord: 1.9ms | Allocations: 3046)


Started GET "/books/3" for 172.17.0.1 at 2024-01-30 02:41:50 +0000
Cannot render console from 172.17.0.1! Allowed networks: 127.0.0.0/127.255.255.255, ::1
Processing by BooksController#show as TURBO_STREAM
  Parameters: {"id"=>"3"}
  [1m[36mBook Load (0.2ms)[0m  [1m[34mSELECT "books".* FROM "books" WHERE "books"."id" = $1 LIMIT $2[0m  [["id", 3], ["LIMIT", 1]]
  ↳ app/controllers/books_controller.rb:63:in `set_book'
  Rendering layout layouts/application.html.erb
  Rendering books/show.html.erb within layouts/application
  Rendered books/_book.html.erb (Duration: 0.1ms | Allocations: 17)
  Rendered books/show.html.erb within layouts/application (Duration: 1.3ms | Allocations: 727)
  Rendered layout layouts/application.html.erb (Duration: 31.9ms | Allocations: 2051)
Completed 200 OK in 47ms (Views: 33.1ms | ActiveRecord: 0.2ms | Allocations: 2813)


Started GET "/books/3/edit" for 172.17.0.1 at 2024-01-30 02:41:52 +0000
Cannot render console from 172.17.0.1! Allowed networks: 127.0.0.0/127.255.255.255, ::1
Processing by BooksController#edit as HTML
  Parameters: {"id"=>"3"}
  [1m[36mBook Load (0.2ms)[0m  [1m[34mSELECT "books".* FROM "books" WHERE "books"."id" = $1 LIMIT $2[0m  [["id", 3], ["LIMIT", 1]]
  ↳ app/controllers/books_controller.rb:63:in `set_book'
  Rendering layout layouts/application.html.erb
  Rendering books/edit.html.erb within layouts/application
  Rendered books/_form.html.erb (Duration: 1.0ms | Allocations: 919)
  Rendered books/edit.html.erb within layouts/application (Duration: 1.4ms | Allocations: 1042)
  Rendered layout layouts/application.html.erb (Duration: 29.1ms | Allocations: 2365)
Completed 200 OK in 43ms (Views: 29.9ms | ActiveRecord: 0.2ms | Allocations: 3124)


Started GET "/books" for 172.17.0.1 at 2024-01-30 02:41:54 +0000
Cannot render console from 172.17.0.1! Allowed networks: 127.0.0.0/127.255.255.255, ::1
Processing by BooksController#index as HTML
  Rendering layout layouts/application.html.erb
  Rendering books/index.html.erb within layouts/application
  [1m[36mBook Load (0.3ms)[0m  [1m[34mSELECT "books".* FROM "books"[0m
  ↳ app/views/books/index.html.erb:6
  Rendered books/_book.html.erb (Duration: 0.1ms | Allocations: 17)
  Rendered books/_book.html.erb (Duration: 0.0ms | Allocations: 16)
  Rendered books/_book.html.erb (Duration: 0.0ms | Allocations: 16)
  Rendered books/index.html.erb within layouts/application (Duration: 3.7ms | Allocations: 1297)
  Rendered layout layouts/application.html.erb (Duration: 31.8ms | Allocations: 2628)
Completed 200 OK in 44ms (Views: 32.5ms | ActiveRecord: 0.3ms | Allocations: 2902)


Started GET "/books/3" for 172.17.0.1 at 2024-01-30 02:41:56 +0000
Cannot render console from 172.17.0.1! Allowed networks: 127.0.0.0/127.255.255.255, ::1
Processing by BooksController#show as HTML
  Parameters: {"id"=>"3"}
  [1m[36mBook Load (0.3ms)[0m  [1m[34mSELECT "books".* FROM "books" WHERE "books"."id" = $1 LIMIT $2[0m  [["id", 3], ["LIMIT", 1]]
  ↳ app/controllers/books_controller.rb:63:in `set_book'
  Rendering layout layouts/application.html.erb
  Rendering books/show.html.erb within layouts/application
  Rendered books/_book.html.erb (Duration: 0.1ms | Allocations: 17)
  Rendered books/show.html.erb within layouts/application (Duration: 1.5ms | Allocations: 703)
  Rendered layout layouts/application.html.erb (Duration: 29.0ms | Allocations: 2026)
Completed 200 OK in 43ms (Views: 29.9ms | ActiveRecord: 0.3ms | Allocations: 2785)


Started DELETE "/books/3" for 172.17.0.1 at 2024-01-30 02:42:19 +0000
Cannot render console from 172.17.0.1! Allowed networks: 127.0.0.0/127.255.255.255, ::1
Processing by BooksController#destroy as TURBO_STREAM
  Parameters: {"authenticity_token"=>"[FILTERED]", "id"=>"3"}
  [1m[36mBook Load (0.3ms)[0m  [1m[34mSELECT "books".* FROM "books" WHERE "books"."id" = $1 LIMIT $2[0m  [["id", 3], ["LIMIT", 1]]
  ↳ app/controllers/books_controller.rb:63:in `set_book'
  [1m[36mTRANSACTION (0.2ms)[0m  [1m[35mBEGIN[0m
  ↳ app/controllers/books_controller.rb:52:in `destroy'
  [1m[36mBook Destroy (0.4ms)[0m  [1m[31mDELETE FROM "books" WHERE "books"."id" = $1[0m  [["id", 3]]
  ↳ app/controllers/books_controller.rb:52:in `destroy'
  [1m[36mTRANSACTION (0.9ms)[0m  [1m[35mCOMMIT[0m
  ↳ app/controllers/books_controller.rb:52:in `destroy'
Redirected to http://localhost:3000/books
Completed 302 Found in 18ms (ActiveRecord: 1.8ms | Allocations: 2560)


Started GET "/books" for 172.17.0.1 at 2024-01-30 02:42:19 +0000
Cannot render console from 172.17.0.1! Allowed networks: 127.0.0.0/127.255.255.255, ::1
Processing by BooksController#index as TURBO_STREAM
  Rendering layout layouts/application.html.erb
  Rendering books/index.html.erb within layouts/application
  [1m[36mBook Load (0.3ms)[0m  [1m[34mSELECT "books".* FROM "books"[0m
  ↳ app/views/books/index.html.erb:6
  Rendered books/_book.html.erb (Duration: 0.1ms | Allocations: 17)
  Rendered books/_book.html.erb (Duration: 0.0ms | Allocations: 16)
  Rendered books/index.html.erb within layouts/application (Duration: 3.5ms | Allocations: 1186)
  Rendered layout layouts/application.html.erb (Duration: 31.7ms | Allocations: 2517)
Completed 200 OK in 44ms (Views: 32.3ms | ActiveRecord: 0.3ms | Allocations: 2793)


Started GET "/books" for 172.17.0.1 at 2024-01-30 02:46:02 +0000
Cannot render console from 172.17.0.1! Allowed networks: 127.0.0.0/127.255.255.255, ::1
Processing by BooksController#index as HTML
  Rendering layout layouts/application.html.erb
  Rendering books/index.html.erb within layouts/application
  [1m[36mBook Load (0.3ms)[0m  [1m[34mSELECT "books".* FROM "books"[0m
  ↳ app/views/books/index.html.erb:6
  Rendered books/_book.html.erb (Duration: 4.0ms | Allocations: 163)
  Rendered books/_book.html.erb (Duration: 0.3ms | Allocations: 16)
  Rendered books/index.html.erb within layouts/application (Duration: 25.7ms | Allocations: 3277)
  Rendered layout layouts/application.html.erb (Duration: 197.3ms | Allocations: 18548)
Completed 200 OK in 246ms (Views: 200.7ms | ActiveRecord: 4.2ms | Allocations: 20358)


Started GET "/books/1" for 172.17.0.1 at 2024-01-30 02:46:08 +0000
Cannot render console from 172.17.0.1! Allowed networks: 127.0.0.0/127.255.255.255, ::1
Processing by BooksController#show as HTML
  Parameters: {"id"=>"1"}
  [1m[36mBook Load (0.2ms)[0m  [1m[34mSELECT "books".* FROM "books" WHERE "books"."id" = $1 LIMIT $2[0m  [["id", 1], ["LIMIT", 1]]
  ↳ app/controllers/books_controller.rb:67:in `set_book'
  Rendering layout layouts/application.html.erb
  Rendering books/show.html.erb within layouts/application
  Rendered books/_book.html.erb (Duration: 0.1ms | Allocations: 17)
  Rendered books/show.html.erb within layouts/application (Duration: 14.3ms | Allocations: 5259)
  Rendered layout layouts/application.html.erb (Duration: 14.9ms | Allocations: 5338)
Completed 500 Internal Server Error in 35ms (ActiveRecord: 0.2ms | Allocations: 6840)


  
ActionView::Template::Error (undefined local variable or method `book' for #<ActionView::Base:0x0000000000fd48>

  '.freeze;@output_buffer.append=( link_to('Delete', delete_book_path(book), class: 'action edit'));@output_buffer.safe_append='
                                                                      ^^^^
Did you mean?  @book):
     6:   <%= link_to "Edit this book", edit_book_path(@book) %> |
     7:   <%= link_to "Back to books", books_path %>
     8: 
     9:   <%= link_to('Delete', delete_book_path(book), class: 'action edit')%>
    10: </div>
  
app/views/books/show.html.erb:9
Started GET "/books/1" for 172.17.0.1 at 2024-01-30 02:46:20 +0000
Cannot render console from 172.17.0.1! Allowed networks: 127.0.0.0/127.255.255.255, ::1
Processing by BooksController#show as HTML
  Parameters: {"id"=>"1"}
  [1m[36mBook Load (0.2ms)[0m  [1m[34mSELECT "books".* FROM "books" WHERE "books"."id" = $1 LIMIT $2[0m  [["id", 1], ["LIMIT", 1]]
  ↳ app/controllers/books_controller.rb:67:in `set_book'
  Rendering layout layouts/application.html.erb
  Rendering books/show.html.erb within layouts/application
  Rendered books/_book.html.erb (Duration: 5.6ms | Allocations: 155)
  Rendered books/show.html.erb within layouts/application (Duration: 33.1ms | Allocations: 5304)
  Rendered layout layouts/application.html.erb (Duration: 33.8ms | Allocations: 5389)
Completed 500 Internal Server Error in 62ms (ActiveRecord: 0.2ms | Allocations: 6783)


  
ActionView::Template::Error (undefined method `delete_book_path' for #<ActionView::Base:0x0000000000fed8>

  '.freeze;@output_buffer.append=( link_to('Delete', delete_book_path(@book), class: 'action edit'));@output_buffer.safe_append='
                                                     ^^^^^^^^^^^^^^^^
Did you mean?  edit_book_path):
     6:   <%= link_to "Edit this book", edit_book_path(@book) %> |
     7:   <%= link_to "Back to books", books_path %>
     8: 
     9:   <%= link_to('Delete', delete_book_path(@book), class: 'action edit')%>
    10: </div>
  
app/views/books/show.html.erb:9
Started GET "/books/1" for 172.17.0.1 at 2024-01-30 02:47:42 +0000
Cannot render console from 172.17.0.1! Allowed networks: 127.0.0.0/127.255.255.255, ::1
Processing by BooksController#show as HTML
  Parameters: {"id"=>"1"}
  [1m[36mBook Load (0.3ms)[0m  [1m[34mSELECT "books".* FROM "books" WHERE "books"."id" = $1 LIMIT $2[0m  [["id", 1], ["LIMIT", 1]]
  ↳ app/controllers/books_controller.rb:67:in `set_book'
  Rendering layout layouts/application.html.erb
  Rendering books/show.html.erb within layouts/application
  Rendered books/_book.html.erb (Duration: 4.8ms | Allocations: 155)
  Rendered books/show.html.erb within layouts/application (Duration: 24.7ms | Allocations: 2863)
  Rendered layout layouts/application.html.erb (Duration: 25.3ms | Allocations: 2948)
Completed 500 Internal Server Error in 52ms (ActiveRecord: 0.3ms | Allocations: 4422)


  
ActionView::Template::Error (No route matches {:action=>"delete", :controller=>"book", :id=>"1"}):
     6:   <%= link_to "Edit this book", edit_book_path(@book) %> |
     7:   <%= link_to "Back to books", books_path %>
     8: 
     9:   <%= link_to('Delete', {controller: 'book', action: 'delete'})%>
    10: </div>
  
app/views/books/show.html.erb:9
Started GET "/books/1" for 172.17.0.1 at 2024-01-30 02:47:56 +0000
Cannot render console from 172.17.0.1! Allowed networks: 127.0.0.0/127.255.255.255, ::1
Processing by BooksController#show as HTML
  Parameters: {"id"=>"1"}
  [1m[36mBook Load (0.3ms)[0m  [1m[34mSELECT "books".* FROM "books" WHERE "books"."id" = $1 LIMIT $2[0m  [["id", 1], ["LIMIT", 1]]
  ↳ app/controllers/books_controller.rb:67:in `set_book'
  Rendering layout layouts/application.html.erb
  Rendering books/show.html.erb within layouts/application
  Rendered books/_book.html.erb (Duration: 3.8ms | Allocations: 155)
  Rendered books/show.html.erb within layouts/application (Duration: 20.9ms | Allocations: 1286)
  Rendered layout layouts/application.html.erb (Duration: 57.2ms | Allocations: 2979)
Completed 200 OK in 84ms (Views: 64.9ms | ActiveRecord: 0.3ms | Allocations: 4480)


Started DELETE "/books/1" for 172.17.0.1 at 2024-01-30 02:48:03 +0000
Cannot render console from 172.17.0.1! Allowed networks: 127.0.0.0/127.255.255.255, ::1
Processing by BooksController#destroy as TURBO_STREAM
  Parameters: {"authenticity_token"=>"[FILTERED]", "id"=>"1"}
  [1m[36mBook Load (0.2ms)[0m  [1m[34mSELECT "books".* FROM "books" WHERE "books"."id" = $1 LIMIT $2[0m  [["id", 1], ["LIMIT", 1]]
  ↳ app/controllers/books_controller.rb:67:in `set_book'
  [1m[36mTRANSACTION (0.2ms)[0m  [1m[35mBEGIN[0m
  ↳ app/controllers/books_controller.rb:56:in `destroy'
  [1m[36mBook Destroy (0.4ms)[0m  [1m[31mDELETE FROM "books" WHERE "books"."id" = $1[0m  [["id", 1]]
  ↳ app/controllers/books_controller.rb:56:in `destroy'
  [1m[36mTRANSACTION (0.8ms)[0m  [1m[35mCOMMIT[0m
  ↳ app/controllers/books_controller.rb:56:in `destroy'
Redirected to http://localhost:3000/books
Completed 302 Found in 17ms (ActiveRecord: 1.6ms | Allocations: 2722)


Started GET "/books" for 172.17.0.1 at 2024-01-30 02:48:03 +0000
Cannot render console from 172.17.0.1! Allowed networks: 127.0.0.0/127.255.255.255, ::1
Processing by BooksController#index as TURBO_STREAM
  Rendering layout layouts/application.html.erb
  Rendering books/index.html.erb within layouts/application
  [1m[36mBook Load (0.3ms)[0m  [1m[34mSELECT "books".* FROM "books"[0m
  ↳ app/views/books/index.html.erb:6
  Rendered books/_book.html.erb (Duration: 0.2ms | Allocations: 17)
  Rendered books/index.html.erb within layouts/application (Duration: 7.7ms | Allocations: 1319)
  Rendered layout layouts/application.html.erb (Duration: 37.7ms | Allocations: 2650)
Completed 200 OK in 54ms (Views: 38.3ms | ActiveRecord: 0.3ms | Allocations: 3062)


Started GET "/books" for 172.17.0.1 at 2024-01-30 02:48:52 +0000
Cannot render console from 172.17.0.1! Allowed networks: 127.0.0.0/127.255.255.255, ::1
Processing by BooksController#index as HTML
  Rendering layout layouts/application.html.erb
  Rendering books/index.html.erb within layouts/application
  [1m[36mBook Load (0.3ms)[0m  [1m[34mSELECT "books".* FROM "books"[0m
  ↳ app/views/books/index.html.erb:6
  Rendered books/_book.html.erb (Duration: 4.6ms | Allocations: 155)
  Rendered books/index.html.erb within layouts/application (Duration: 17.6ms | Allocations: 1706)
  Rendered layout layouts/application.html.erb (Duration: 52.6ms | Allocations: 3415)
Completed 200 OK in 76ms (Views: 59.7ms | ActiveRecord: 0.3ms | Allocations: 4351)


Started GET "/books/2" for 172.17.0.1 at 2024-01-30 02:48:54 +0000
Cannot render console from 172.17.0.1! Allowed networks: 127.0.0.0/127.255.255.255, ::1
Processing by BooksController#show as HTML
  Parameters: {"id"=>"2"}
  [1m[36mBook Load (0.2ms)[0m  [1m[34mSELECT "books".* FROM "books" WHERE "books"."id" = $1 LIMIT $2[0m  [["id", 2], ["LIMIT", 1]]
  ↳ app/controllers/books_controller.rb:67:in `set_book'
  Rendering layout layouts/application.html.erb
  Rendering books/show.html.erb within layouts/application
  Rendered books/_book.html.erb (Duration: 0.1ms | Allocations: 17)
  Rendered books/show.html.erb within layouts/application (Duration: 10.8ms | Allocations: 2014)
  Rendered layout layouts/application.html.erb (Duration: 11.5ms | Allocations: 2093)
Completed 500 Internal Server Error in 31ms (ActiveRecord: 0.2ms | Allocations: 2957)


  
ActionView::Template::Error (No route matches {:action=>"delete", :controller=>"books", :id=>"2"}):
     6:   <%= link_to "Edit this book", edit_book_path(@book) %> |
     7:   <%= link_to "Back to books", books_path %>
     8: 
     9:   <%= link_to("Home", {controller: 'books', action: 'delete'}) %>
    10: </div>
  
app/views/books/show.html.erb:9
